[2026-04-06 12:35:10] ERROR [REQUEST_END] [USER_ID:user-100] [REQUEST_ID:req-001] [STATUS:FAILED] [DURATION:2000ms] [ERROR_TYPE:DB_ERROR] [MESSAGE:Connection timeout]
[2026-04-06 12:35:11] ERROR [REQUEST_END] [USER_ID:user-100] [REQUEST_ID:req-002] [STATUS:FAILED] [DURATION:2500ms] [ERROR_TYPE:DB_ERROR] [MESSAGE:Query execution error]
[2026-04-06 12:35:12] ERROR [REQUEST_END] [USER_ID:user-100] [REQUEST_ID:req-003] [STATUS:FAILED] [DURATION:3000ms] [ERROR_TYPE:DB_ERROR] [MESSAGE:Transaction rollback]
[2026-04-06 12:35:13] INFO [REQUEST_END] [USER_ID:user-100] [REQUEST_ID:req-004] [STATUS:SUCCESS] [DURATION:500ms]
[2026-04-06 12:35:14] ERROR [REQUEST_END] [USER_ID:user-100] [REQUEST_ID:req-005] [STATUS:FAILED] [DURATION:2800ms] [ERROR_TYPE:DB_ERROR] [MESSAGE:Pool exhausted]	[2026-04-06 13:15:19] INFO  c.a.AlertMonitoringSystemApplication - Starting AlertMonitoringSystemApplication using Java 21.0.9 with PID 112768 (C:\Users\susha\Desktop\customer-alerting-platform\target\classes started by susha in C:\Users\susha\Desktop\customer-alerting-platform)
[2026-04-06 13:15:19] DEBUG c.a.AlertMonitoringSystemApplication - Running with Spring Boot v3.2.4, Spring v6.1.5
[2026-04-06 13:15:19] INFO  c.a.AlertMonitoringSystemApplication - No active profile set, falling back to 1 default profile: "default"
[2026-04-06 13:15:19] INFO  o.s.d.r.c.RepositoryConfigurationDelegate - Bootstrapping Spring Data JPA repositories in DEFAULT mode.
[2026-04-06 13:15:19] INFO  o.s.d.r.c.RepositoryConfigurationDelegate - Finished Spring Data repository scanning in 77 ms. Found 6 JPA repository interfaces.
[2026-04-06 13:15:20] INFO  o.s.b.w.e.tomcat.TomcatWebServer - Tomcat initialized with port 8081 (http)
[2026-04-06 13:15:20] INFO  o.a.coyote.http11.Http11NioProtocol - Initializing ProtocolHandler ["http-nio-8081"]
[2026-04-06 13:15:20] INFO  o.a.catalina.core.StandardService - Starting service [Tomcat]
[2026-04-06 13:15:20] INFO  o.a.catalina.core.StandardEngine - Starting Servlet engine: [Apache Tomcat/10.1.19]
[2026-04-06 13:15:20] INFO  o.a.c.c.C.[.[localhost].[/api] - Initializing Spring embedded WebApplicationContext
[2026-04-06 13:15:20] INFO  o.s.b.w.s.c.ServletWebServerApplicationContext - Root WebApplicationContext: initialization completed in 1479 ms
[2026-04-06 13:15:20] INFO  o.h.jpa.internal.util.LogHelper - HHH000204: Processing PersistenceUnitInfo [name: default]
[2026-04-06 13:15:20] INFO  org.hibernate.Version - HHH000412: Hibernate ORM core version 6.4.4.Final
[2026-04-06 13:15:20] INFO  o.h.c.i.RegionFactoryInitiator - HHH000026: Second-level cache disabled
[2026-04-06 13:15:21] INFO  o.s.o.j.p.SpringPersistenceUnitInfo - No LoadTimeWeaver setup: ignoring JPA class transformer
[2026-04-06 13:15:21] INFO  com.zaxxer.hikari.HikariDataSource - HikariPool-1 - Starting...
[2026-04-06 13:15:21] INFO  com.zaxxer.hikari.pool.HikariPool - HikariPool-1 - Added connection org.postgresql.jdbc.PgConnection@c262f2f
[2026-04-06 13:15:21] INFO  com.zaxxer.hikari.HikariDataSource - HikariPool-1 - Start completed.
[2026-04-06 13:15:21] WARN  org.hibernate.orm.deprecation - HHH90000025: PostgreSQLDialect does not need to be specified explicitly using 'hibernate.dialect' (remove the property setting and it will be selected by default)
[2026-04-06 13:15:24] INFO  o.h.e.t.j.p.i.JtaPlatformInitiator - HHH000489: No JTA platform available (set 'hibernate.transaction.jta.platform' to enable JTA platform integration)
[2026-04-06 13:15:24] WARN  o.h.t.s.i.ExceptionHandlerLoggedImpl - GenerationTarget encountered exception accepting command : Error executing DDL "
    create index idx_issue_id 
       on issue_history (issue_id)" via JDBC [ERROR: relation "idx_issue_id" already exists]
org.hibernate.tool.schema.spi.CommandAcceptanceException: Error executing DDL "
    create index idx_issue_id 
       on issue_history (issue_id)" via JDBC [ERROR: relation "idx_issue_id" already exists]
	at org.hibernate.tool.schema.internal.exec.GenerationTargetToDatabase.accept(GenerationTargetToDatabase.java:94)
	at org.hibernate.tool.schema.internal.AbstractSchemaMigrator.applySqlString(AbstractSchemaMigrator.java:574)
	at org.hibernate.tool.schema.internal.AbstractSchemaMigrator.applySqlStrings(AbstractSchemaMigrator.java:514)
	at org.hibernate.tool.schema.internal.AbstractSchemaMigrator.applyIndexes(AbstractSchemaMigrator.java:360)
	at org.hibernate.tool.schema.internal.GroupedSchemaMigratorImpl.performTablesMigration(GroupedSchemaMigratorImpl.java:96)
	at org.hibernate.tool.schema.internal.AbstractSchemaMigrator.performMigration(AbstractSchemaMigrator.java:232)
	at org.hibernate.tool.schema.internal.AbstractSchemaMigrator.doMigration(AbstractSchemaMigrator.java:117)
	at org.hibernate.tool.schema.spi.SchemaManagementToolCoordinator.performDatabaseAction(SchemaManagementToolCoordinator.java:286)
	at org.hibernate.tool.schema.spi.SchemaManagementToolCoordinator.lambda$process$5(SchemaManagementToolCoordinator.java:145)
	at java.base/java.util.HashMap.forEach(HashMap.java:1429)
	at org.hibernate.tool.schema.spi.SchemaManagementToolCoordinator.process(SchemaManagementToolCoordinator.java:142)
	at org.hibernate.boot.internal.SessionFactoryObserverForSchemaExport.sessionFactoryCreated(SessionFactoryObserverForSchemaExport.java:37)
	at org.hibernate.internal.SessionFactoryObserverChain.sessionFactoryCreated(SessionFactoryObserverChain.java:35)
	at org.hibernate.internal.SessionFactoryImpl.<init>(SessionFactoryImpl.java:315)
	at org.hibernate.boot.internal.SessionFactoryBuilderImpl.build(SessionFactoryBuilderImpl.java:450)
	at org.hibernate.jpa.boot.internal.EntityManagerFactoryBuilderImpl.build(EntityManagerFactoryBuilderImpl.java:1507)
	at org.springframework.orm.jpa.vendor.SpringHibernateJpaPersistenceProvider.createContainerEntityManagerFactory(SpringHibernateJpaPersistenceProvider.java:75)
	at org.springframework.orm.jpa.LocalContainerEntityManagerFactoryBean.createNativeEntityManagerFactory(LocalContainerEntityManagerFactoryBean.java:390)
	at org.springframework.orm.jpa.AbstractEntityManagerFactoryBean.buildNativeEntityManagerFactory(AbstractEntityManagerFactoryBean.java:409)
	at org.springframework.orm.jpa.AbstractEntityManagerFactoryBean.afterPropertiesSet(AbstractEntityManagerFactoryBean.java:396)
	at org.springframework.orm.jpa.LocalContainerEntityManagerFactoryBean.afterPropertiesSet(LocalContainerEntityManagerFactoryBean.java:366)
	at org.springframework.beans.factory.support.AbstractAutowireCapableBeanFactory.invokeInitMethods(AbstractAutowireCapableBeanFactory.java:1833)
	at org.springframework.beans.factory.support.AbstractAutowireCapableBeanFactory.initializeBean(AbstractAutowireCapableBeanFactory.java:1782)
	at org.springframework.beans.factory.support.AbstractAutowireCapableBeanFactory.doCreateBean(AbstractAutowireCapableBeanFactory.java:600)
	at org.springframework.beans.factory.support.AbstractAutowireCapableBeanFactory.createBean(AbstractAutowireCapableBeanFactory.java:522)
	at org.springframework.beans.factory.support.AbstractBeanFactory.lambda$doGetBean$0(AbstractBeanFactory.java:326)
	at org.springframework.beans.factory.support.DefaultSingletonBeanRegistry.getSingleton(DefaultSingletonBeanRegistry.java:234)
	at org.springframework.beans.factory.support.AbstractBeanFactory.doGetBean(AbstractBeanFactory.java:324)
	at org.springframework.beans.factory.support.AbstractBeanFactory.getBean(AbstractBeanFactory.java:200)
	at org.springframework.context.support.AbstractApplicationContext.getBean(AbstractApplicationContext.java:1234)
	at org.springframework.context.support.AbstractApplicationContext.finishBeanFactoryInitialization(AbstractApplicationContext.java:952)
	at org.springframework.context.support.AbstractApplicationContext.refresh(AbstractApplicationContext.java:624)
	at org.springframework.boot.web.servlet.context.ServletWebServerApplicationContext.refresh(ServletWebServerApplicationContext.java:146)
	at org.springframework.boot.SpringApplication.refresh(SpringApplication.java:754)
	at org.springframework.boot.SpringApplication.refreshContext(SpringApplication.java:456)
	at org.springframework.boot.SpringApplication.run(SpringApplication.java:334)
	at org.springframework.boot.SpringApplication.run(SpringApplication.java:1354)
	at org.springframework.boot.SpringApplication.run(SpringApplication.java:1343)
	at com.alertsystem.AlertMonitoringSystemApplication.main(AlertMonitoringSystemApplication.java:14)
Caused by: org.postgresql.util.PSQLException: ERROR: relation "idx_issue_id" already exists
	at org.postgresql.core.v3.QueryExecutorImpl.receiveErrorResponse(QueryExecutorImpl.java:2712)
	at org.postgresql.core.v3.QueryExecutorImpl.processResults(QueryExecutorImpl.java:2400)
	at org.postgresql.core.v3.QueryExecutorImpl.execute(QueryExecutorImpl.java:367)
	at org.postgresql.jdbc.PgStatement.executeInternal(PgStatement.java:498)
	at org.postgresql.jdbc.PgStatement.execute(PgStatement.java:415)
	at org.postgresql.jdbc.PgStatement.executeWithFlags(PgStatement.java:335)
	at org.postgresql.jdbc.PgStatement.executeCachedSql(PgStatement.java:321)
	at org.postgresql.jdbc.PgStatement.executeWithFlags(PgStatement.java:297)
	at org.postgresql.jdbc.PgStatement.execute(PgStatement.java:292)
	at com.zaxxer.hikari.pool.ProxyStatement.execute(ProxyStatement.java:94)
	at com.zaxxer.hikari.pool.HikariProxyStatement.execute(HikariProxyStatement.java)
	at org.hibernate.tool.schema.internal.exec.GenerationTargetToDatabase.accept(GenerationTargetToDatabase.java:80)
	... 38 common frames omitted
[2026-04-06 13:15:24] INFO  o.s.o.j.LocalContainerEntityManagerFactoryBean - Initialized JPA EntityManagerFactory for persistence unit 'default'
[2026-04-06 13:15:25] INFO  o.s.d.j.r.query.QueryEnhancerFactory - Hibernate is in classpath; If applicable, HQL parser will be used.
[2026-04-06 13:15:27] INFO  c.a.service.LogReaderService - LogReaderService initialized with log file: logs/app.log
[2026-04-06 13:15:27] WARN  o.s.b.a.o.j.JpaBaseConfiguration$JpaWebConfiguration - spring.jpa.open-in-view is enabled by default. Therefore, database queries may be performed during view rendering. Explicitly configure spring.jpa.open-in-view to disable this warning
[2026-04-06 13:15:28] INFO  o.a.coyote.http11.Http11NioProtocol - Starting ProtocolHandler ["http-nio-8081"]
[2026-04-06 13:15:28] INFO  o.s.b.w.e.tomcat.TomcatWebServer - Tomcat started on port 8081 (http) with context path '/api'
[2026-04-06 13:15:28] INFO  c.a.AlertMonitoringSystemApplication - Started AlertMonitoringSystemApplication in 9.795 seconds (process running for 10.204)
[2026-04-06 13:15:28] DEBUG c.a.service.AlertManagementService - Found 0 alerts to recheck
[2026-04-06 13:15:28] DEBUG c.a.s.UserActivityMonitorService - Starting activity analysis cycle
[2026-04-06 13:15:28] DEBUG c.a.s.UserActivityMonitorService - Found 0 users with failures in last 5 minutes
[2026-04-06 13:15:58] DEBUG c.a.s.UserActivityMonitorService - Starting activity analysis cycle
[2026-04-06 13:15:58] DEBUG c.a.s.UserActivityMonitorService - Found 0 users with failures in last 5 minutes
[2026-04-06 13:16:28] DEBUG c.a.s.UserActivityMonitorService - Starting activity analysis cycle
[2026-04-06 13:16:28] DEBUG c.a.s.UserActivityMonitorService - Found 0 users with failures in last 5 minutes
[2026-04-06 13:16:58] DEBUG c.a.s.UserActivityMonitorService - Starting activity analysis cycle
[2026-04-06 13:16:58] DEBUG c.a.s.UserActivityMonitorService - Found 0 users with failures in last 5 minutes
[2026-04-06 13:17:28] DEBUG c.a.s.UserActivityMonitorService - Starting activity analysis cycle
[2026-04-06 13:17:28] DEBUG c.a.s.UserActivityMonitorService - Found 0 users with failures in last 5 minutes
[2026-04-06 13:17:58] DEBUG c.a.s.UserActivityMonitorService - Starting activity analysis cycle
[2026-04-06 13:17:58] DEBUG c.a.s.UserActivityMonitorService - Found 0 users with failures in last 5 minutes
[2026-04-06 13:18:28] DEBUG c.a.s.UserActivityMonitorService - Starting activity analysis cycle
[2026-04-06 13:18:28] DEBUG c.a.s.UserActivityMonitorService - Found 0 users with failures in last 5 minutes
[2026-04-06 13:18:58] DEBUG c.a.s.UserActivityMonitorService - Starting activity analysis cycle
[2026-04-06 13:18:58] DEBUG c.a.s.UserActivityMonitorService - Found 0 users with failures in last 5 minutes
[2026-04-06 13:19:28] DEBUG c.a.s.UserActivityMonitorService - Starting activity analysis cycle
[2026-04-06 13:19:28] DEBUG c.a.s.UserActivityMonitorService - Found 0 users with failures in last 5 minutes
[2026-04-06 13:19:58] DEBUG c.a.s.UserActivityMonitorService - Starting activity analysis cycle
[2026-04-06 13:19:58] DEBUG c.a.s.UserActivityMonitorService - Found 0 users with failures in last 5 minutes
[2026-04-06 13:20:28] DEBUG c.a.service.AlertManagementService - Found 0 alerts to recheck
[2026-04-06 13:20:28] DEBUG c.a.s.UserActivityMonitorService - Starting activity analysis cycle
[2026-04-06 13:20:28] DEBUG c.a.s.UserActivityMonitorService - Found 0 users with failures in last 5 minutes
[2026-04-06 13:20:58] DEBUG c.a.s.UserActivityMonitorService - Starting activity analysis cycle
[2026-04-06 13:20:58] DEBUG c.a.s.UserActivityMonitorService - Found 0 users with failures in last 5 minutes
[2026-04-06 12:35:10] ERROR [REQUEST_END] [USER_ID:user-100] [REQUEST_ID:req-001] [STATUS:FAILED] [DURATION:2000ms] [ERROR_TYPE:DB_ERROR] [MESSAGE:Connection timeout]
[2026-04-06 12:35:11] ERROR [REQUEST_END] [USER_ID:user-100] [REQUEST_ID:req-002] [STATUS:FAILED] [DURATION:2500ms] [ERROR_TYPE:DB_ERROR] [MESSAGE:Query execution error]
[2026-04-06 12:35:12] ERROR [REQUEST_END] [USER_ID:user-100] [REQUEST_ID:req-003] [STATUS:FAILED] [DURATION:3000ms] [ERROR_TYPE:DB_ERROR] [MESSAGE:Transaction rollback]
[2026-04-06 12:35:13] INFO [REQUEST_END] [USER_ID:user-100] [REQUEST_ID:req-004] [STATUS:SUCCESS] [DURATION:500ms]
[2026-04-06 12:35:14] ERROR [REQUEST_END] [USER_ID:user-100] [REQUEST_ID:req-005] [STATUS:FAILED] [DURATION:2800ms] [ERROR_TYPE:DB_ERROR] [MESSAGE:Pool exhausted]
[2026-04-06 13:23:08] ERROR c.a.service.ActivityCaptureService - Error capturing activity: LogEvent(timestamp=2026-04-06 12:35:14, userId=user-100, endpoint=null, status=FAILED, responseTime=2800, errorType=DB_ERROR, errorMessage=Pool exhausted, severity=CRITICAL, requestId=req-005)
java.lang.IllegalArgumentException: Invalid UUID string: user-100
	at java.base/java.util.UUID.fromString1(UUID.java:282)
	at java.base/java.util.UUID.fromString(UUID.java:260)
	at com.alertsystem.service.ActivityCaptureService.captureActivity(ActivityCaptureService.java:47)
	at com.alertsystem.service.LogReaderService.processLogLine(LogReaderService.java:72)
	at com.alertsystem.service.LogReaderService.readNewLogs(LogReaderService.java:55)
	at java.base/jdk.internal.reflect.DirectMethodHandleAccessor.invoke(DirectMethodHandleAccessor.java:103)
	at java.base/java.lang.reflect.Method.invoke(Method.java:580)
	at org.springframework.scheduling.support.ScheduledMethodRunnable.runInternal(ScheduledMethodRunnable.java:130)
	at org.springframework.scheduling.support.ScheduledMethodRunnable.lambda$run$2(ScheduledMethodRunnable.java:124)
	at io.micrometer.observation.Observation.observe(Observation.java:499)
	at org.springframework.scheduling.support.ScheduledMethodRunnable.run(ScheduledMethodRunnable.java:124)
	at org.springframework.scheduling.support.DelegatingErrorHandlingRunnable.run(DelegatingErrorHandlingRunnable.java:54)
	at java.base/java.util.concurrent.Executors$RunnableAdapter.call(Executors.java:572)
	at java.base/java.util.concurrent.FutureTask.runAndReset(FutureTask.java:358)
	at java.base/java.util.concurrent.ScheduledThreadPoolExecutor$ScheduledFutureTask.run(ScheduledThreadPoolExecutor.java:305)
	at java.base/java.util.concurrent.ThreadPoolExecutor.runWorker(ThreadPoolExecutor.java:1144)
	at java.base/java.util.concurrent.ThreadPoolExecutor$Worker.run(ThreadPoolExecutor.java:642)
	at java.base/java.lang.Thread.run(Thread.java:1583)
[2026-04-06 13:23:28] DEBUG c.a.s.UserActivityMonitorService - Starting activity analysis cycle
[2026-04-06 13:23:28] DEBUG c.a.s.UserActivityMonitorService - Found 0 users with failures in last 5 minutes
[2026-04-06 13:23:58] DEBUG c.a.s.UserActivityMonitorService - Starting activity analysis cycle
[2026-04-06 13:23:58] DEBUG c.a.s.UserActivityMonitorService - Found 0 users with failures in last 5 minutes
[2026-04-06 13:24:28] DEBUG c.a.s.UserActivityMonitorService - Starting activity analysis cycle
[2026-04-06 13:24:28] DEBUG c.a.s.UserActivityMonitorService - Found 0 users with failures in last 5 minutes
[2026-04-06 13:24:58] DEBUG c.a.s.UserActivityMonitorService - Starting activity analysis cycle
[2026-04-06 13:24:58] DEBUG c.a.s.UserActivityMonitorService - Found 0 users with failures in last 5 minutes
[2026-04-06 13:25:28] DEBUG c.a.service.AlertManagementService - Found 0 alerts to recheck
[2026-04-06 13:25:28] DEBUG c.a.s.UserActivityMonitorService - Starting activity analysis cycle
[2026-04-06 13:25:28] DEBUG c.a.s.UserActivityMonitorService - Found 0 users with failures in last 5 minutes
[2026-04-06 13:25:58] DEBUG c.a.s.UserActivityMonitorService - Starting activity analysis cycle
[2026-04-06 13:25:58] DEBUG c.a.s.UserActivityMonitorService - Found 0 users with failures in last 5 minutes
[2026-04-06 13:26:28] DEBUG c.a.s.UserActivityMonitorService - Starting activity analysis cycle
[2026-04-06 13:26:28] DEBUG c.a.s.UserActivityMonitorService - Found 0 users with failures in last 5 minutes
[2026-04-06 13:26:58] DEBUG c.a.s.UserActivityMonitorService - Starting activity analysis cycle
[2026-04-06 13:26:58] DEBUG c.a.s.UserActivityMonitorService - Found 0 users with failures in last 5 minutes
[2026-04-06 13:27:28] DEBUG c.a.s.UserActivityMonitorService - Starting activity analysis cycle
[2026-04-06 13:27:28] DEBUG c.a.s.UserActivityMonitorService - Found 0 users with failures in last 5 minutes
[2026-04-06 13:27:58] DEBUG c.a.s.UserActivityMonitorService - Starting activity analysis cycle
[2026-04-06 13:27:58] DEBUG c.a.s.UserActivityMonitorService - Found 0 users with failures in last 5 minutes
[2026-04-06 13:28:28] DEBUG c.a.s.UserActivityMonitorService - Starting activity analysis cycle
[2026-04-06 13:28:28] DEBUG c.a.s.UserActivityMonitorService - Found 0 users with failures in last 5 minutes
[2026-04-06 13:28:58] DEBUG c.a.s.UserActivityMonitorService - Starting activity analysis cycle
[2026-04-06 13:28:58] DEBUG c.a.s.UserActivityMonitorService - Found 0 users with failures in last 5 minutes
[2026-04-06 12:35:10] ERROR [REQUEST_END] [USER_ID:user-100] [REQUEST_ID:req-001] [STATUS:FAILED] [DURATION:2000ms] [ERROR_TYPE:DB_ERROR] [MESSAGE:Connection timeout]
[2026-04-06 12:35:11] ERROR [REQUEST_END] [USER_ID:user-100] [REQUEST_ID:req-002] [STATUS:FAILED] [DURATION:2500ms] [ERROR_TYPE:DB_ERROR] [MESSAGE:Query execution error]
[2026-04-06 12:35:12] ERROR [REQUEST_END] [USER_ID:user-100] [REQUEST_ID:req-003] [STATUS:FAILED] [DURATION:3000ms] [ERROR_TYPE:DB_ERROR] [MESSAGE:Transaction rollback]
[2026-04-06 12:35:13] INFO [REQUEST_END] [USER_ID:user-100] [REQUEST_ID:req-004] [STATUS:SUCCESS] [DURATION:500ms]
[2026-04-06 12:35:14] ERROR [REQUEST_END] [USER_ID:user-100] [REQUEST_ID:req-005] [STATUS:FAILED] [DURATION:2800ms] [ERROR_TYPE:DB_ERROR] [MESSAGE:Pool exhausted][2026-04-06 13:29:08] ERROR c.a.service.ActivityCaptureService - Error capturing activity: LogEvent(timestamp=2026-04-06 12:35:10, userId=user-100, endpoint=null, status=FAILED, responseTime=2000, errorType=DB_ERROR, errorMessage=Connection timeout, severity=CRITICAL, requestId=req-001)
java.lang.IllegalArgumentException: Invalid UUID string: user-100
	at java.base/java.util.UUID.fromString1(UUID.java:282)
	at java.base/java.util.UUID.fromString(UUID.java:260)
	at com.alertsystem.service.ActivityCaptureService.captureActivity(ActivityCaptureService.java:47)
	at com.alertsystem.service.LogReaderService.processLogLine(LogReaderService.java:72)
	at com.alertsystem.service.LogReaderService.readNewLogs(LogReaderService.java:55)
	at java.base/jdk.internal.reflect.DirectMethodHandleAccessor.invoke(DirectMethodHandleAccessor.java:103)
	at java.base/java.lang.reflect.Method.invoke(Method.java:580)
	at org.springframework.scheduling.support.ScheduledMethodRunnable.runInternal(ScheduledMethodRunnable.java:130)
	at org.springframework.scheduling.support.ScheduledMethodRunnable.lambda$run$2(ScheduledMethodRunnable.java:124)
	at io.micrometer.observation.Observation.observe(Observation.java:499)
	at org.springframework.scheduling.support.ScheduledMethodRunnable.run(ScheduledMethodRunnable.java:124)
	at org.springframework.scheduling.support.DelegatingErrorHandlingRunnable.run(DelegatingErrorHandlingRunnable.java:54)
	at java.base/java.util.concurrent.Executors$RunnableAdapter.call(Executors.java:572)
	at java.base/java.util.concurrent.FutureTask.runAndReset(FutureTask.java:358)
	at java.base/java.util.concurrent.ScheduledThreadPoolExecutor$ScheduledFutureTask.run(ScheduledThreadPoolExecutor.java:305)
	at java.base/java.util.concurrent.ThreadPoolExecutor.runWorker(ThreadPoolExecutor.java:1144)
	at java.base/java.util.concurrent.ThreadPoolExecutor$Worker.run(ThreadPoolExecutor.java:642)
	at java.base/java.lang.Thread.run(Thread.java:1583)
[2026-04-06 13:29:08] ERROR c.a.service.ActivityCaptureService - Error capturing activity: LogEvent(timestamp=2026-04-06 12:35:11, userId=user-100, endpoint=null, status=FAILED, responseTime=2500, errorType=DB_ERROR, errorMessage=Query execution error, severity=CRITICAL, requestId=req-002)
java.lang.IllegalArgumentException: Invalid UUID string: user-100
	at java.base/java.util.UUID.fromString1(UUID.java:282)
	at java.base/java.util.UUID.fromString(UUID.java:260)
	at com.alertsystem.service.ActivityCaptureService.captureActivity(ActivityCaptureService.java:47)
	at com.alertsystem.service.LogReaderService.processLogLine(LogReaderService.java:72)
	at com.alertsystem.service.LogReaderService.readNewLogs(LogReaderService.java:55)
	at java.base/jdk.internal.reflect.DirectMethodHandleAccessor.invoke(DirectMethodHandleAccessor.java:103)
	at java.base/java.lang.reflect.Method.invoke(Method.java:580)
	at org.springframework.scheduling.support.ScheduledMethodRunnable.runInternal(ScheduledMethodRunnable.java:130)
	at org.springframework.scheduling.support.ScheduledMethodRunnable.lambda$run$2(ScheduledMethodRunnable.java:124)
	at io.micrometer.observation.Observation.observe(Observation.java:499)
	at org.springframework.scheduling.support.ScheduledMethodRunnable.run(ScheduledMethodRunnable.java:124)
	at org.springframework.scheduling.support.DelegatingErrorHandlingRunnable.run(DelegatingErrorHandlingRunnable.java:54)
	at java.base/java.util.concurrent.Executors$RunnableAdapter.call(Executors.java:572)
	at java.base/java.util.concurrent.FutureTask.runAndReset(FutureTask.java:358)
	at java.base/java.util.concurrent.ScheduledThreadPoolExecutor$ScheduledFutureTask.run(ScheduledThreadPoolExecutor.java:305)
	at java.base/java.util.concurrent.ThreadPoolExecutor.runWorker(ThreadPoolExecutor.java:1144)
	at java.base/java.util.concurrent.ThreadPoolExecutor$Worker.run(ThreadPoolExecutor.java:642)
	at java.base/java.lang.Thread.run(Thread.java:1583)
[2026-04-06 13:29:08] ERROR c.a.service.ActivityCaptureService - Error capturing activity: LogEvent(timestamp=2026-04-06 12:35:12, userId=user-100, endpoint=null, status=FAILED, responseTime=3000, errorType=DB_ERROR, errorMessage=Transaction rollback, severity=CRITICAL, requestId=req-003)
java.lang.IllegalArgumentException: Invalid UUID string: user-100
	at java.base/java.util.UUID.fromString1(UUID.java:282)
	at java.base/java.util.UUID.fromString(UUID.java:260)
	at com.alertsystem.service.ActivityCaptureService.captureActivity(ActivityCaptureService.java:47)
	at com.alertsystem.service.LogReaderService.processLogLine(LogReaderService.java:72)
	at com.alertsystem.service.LogReaderService.readNewLogs(LogReaderService.java:55)
	at java.base/jdk.internal.reflect.DirectMethodHandleAccessor.invoke(DirectMethodHandleAccessor.java:103)
	at java.base/java.lang.reflect.Method.invoke(Method.java:580)
	at org.springframework.scheduling.support.ScheduledMethodRunnable.runInternal(ScheduledMethodRunnable.java:130)
	at org.springframework.scheduling.support.ScheduledMethodRunnable.lambda$run$2(ScheduledMethodRunnable.java:124)
	at io.micrometer.observation.Observation.observe(Observation.java:499)
	at org.springframework.scheduling.support.ScheduledMethodRunnable.run(ScheduledMethodRunnable.java:124)
	at org.springframework.scheduling.support.DelegatingErrorHandlingRunnable.run(DelegatingErrorHandlingRunnable.java:54)
	at java.base/java.util.concurrent.Executors$RunnableAdapter.call(Executors.java:572)
	at java.base/java.util.concurrent.FutureTask.runAndReset(FutureTask.java:358)
	at java.base/java.util.concurrent.ScheduledThreadPoolExecutor$ScheduledFutureTask.run(ScheduledThreadPoolExecutor.java:305)
	at java.base/java.util.concurrent.ThreadPoolExecutor.runWorker(ThreadPoolExecutor.java:1144)
	at java.base/java.util.concurrent.ThreadPoolExecutor$Worker.run(ThreadPoolExecutor.java:642)
	at java.base/java.lang.Thread.run(Thread.java:1583)
[2026-04-06 13:29:08] ERROR c.a.service.ActivityCaptureService - Error capturing activity: LogEvent(timestamp=2026-04-06 12:35:14, userId=user-100, endpoint=null, status=FAILED, responseTime=2800, errorType=DB_ERROR, errorMessage=Pool exhausted, severity=CRITICAL, requestId=req-005)
java.lang.IllegalArgumentException: Invalid UUID string: user-100
	at java.base/java.util.UUID.fromString1(UUID.java:282)
	at java.base/java.util.UUID.fromString(UUID.java:260)
	at com.alertsystem.service.ActivityCaptureService.captureActivity(ActivityCaptureService.java:47)
	at com.alertsystem.service.LogReaderService.processLogLine(LogReaderService.java:72)
	at com.alertsystem.service.LogReaderService.readNewLogs(LogReaderService.java:55)
	at java.base/jdk.internal.reflect.DirectMethodHandleAccessor.invoke(DirectMethodHandleAccessor.java:103)
	at java.base/java.lang.reflect.Method.invoke(Method.java:580)
	at org.springframework.scheduling.support.ScheduledMethodRunnable.runInternal(ScheduledMethodRunnable.java:130)
	at org.springframework.scheduling.support.ScheduledMethodRunnable.lambda$run$2(ScheduledMethodRunnable.java:124)
	at io.micrometer.observation.Observation.observe(Observation.java:499)
	at org.springframework.scheduling.support.ScheduledMethodRunnable.run(ScheduledMethodRunnable.java:124)
	at org.springframework.scheduling.support.DelegatingErrorHandlingRunnable.run(DelegatingErrorHandlingRunnable.java:54)
	at java.base/java.util.concurrent.Executors$RunnableAdapter.call(Executors.java:572)
	at java.base/java.util.concurrent.FutureTask.runAndReset(FutureTask.java:358)
	at java.base/java.util.concurrent.ScheduledThreadPoolExecutor$ScheduledFutureTask.run(ScheduledThreadPoolExecutor.java:305)
	at java.base/java.util.concurrent.ThreadPoolExecutor.runWorker(ThreadPoolExecutor.java:1144)
	at java.base/java.util.concurrent.ThreadPoolExecutor$Worker.run(ThreadPoolExecutor.java:642)
	at java.base/java.lang.Thread.run(Thread.java:1583)
[2026-04-06 13:29:28] DEBUG c.a.s.UserActivityMonitorService - Starting activity analysis cycle
[2026-04-06 13:29:28] DEBUG c.a.s.UserActivityMonitorService - Found 0 users with failures in last 5 minutes
[2026-04-06 13:29:58] DEBUG c.a.s.UserActivityMonitorService - Starting activity analysis cycle
[2026-04-06 13:29:58] DEBUG c.a.s.UserActivityMonitorService - Found 0 users with failures in last 5 minutes
[2026-04-06 13:30:28] DEBUG c.a.service.AlertManagementService - Found 0 alerts to recheck
[2026-04-06 13:30:28] DEBUG c.a.s.UserActivityMonitorService - Starting activity analysis cycle
[2026-04-06 13:30:28] DEBUG c.a.s.UserActivityMonitorService - Found 0 users with failures in last 5 minutes
[2026-04-06 13:30:33] INFO  o.a.c.c.C.[.[localhost].[/api] - Initializing Spring DispatcherServlet 'dispatcherServlet'
[2026-04-06 13:30:33] INFO  o.s.web.servlet.DispatcherServlet - Initializing Servlet 'dispatcherServlet'
[2026-04-06 13:30:33] INFO  o.s.web.servlet.DispatcherServlet - Completed initialization in 8 ms
[2026-04-06 13:30:58] DEBUG c.a.s.UserActivityMonitorService - Starting activity analysis cycle
[2026-04-06 13:30:58] DEBUG c.a.s.UserActivityMonitorService - Found 0 users with failures in last 5 minutes
[2026-04-06 13:31:28] DEBUG c.a.s.UserActivityMonitorService - Starting activity analysis cycle
[2026-04-06 13:31:28] DEBUG c.a.s.UserActivityMonitorService - Found 0 users with failures in last 5 minutes
[2026-04-06 13:31:58] DEBUG c.a.s.UserActivityMonitorService - Starting activity analysis cycle
[2026-04-06 13:31:58] DEBUG c.a.s.UserActivityMonitorService - Found 0 users with failures in last 5 minutes
[2026-04-06 13:32:28] DEBUG c.a.s.UserActivityMonitorService - Starting activity analysis cycle
[2026-04-06 13:32:28] DEBUG c.a.s.UserActivityMonitorService - Found 0 users with failures in last 5 minutes
[2026-04-06 13:32:58] DEBUG c.a.s.UserActivityMonitorService - Starting activity analysis cycle
[2026-04-06 13:32:58] DEBUG c.a.s.UserActivityMonitorService - Found 0 users with failures in last 5 minutes
[2026-04-06 13:33:28] DEBUG c.a.s.UserActivityMonitorService - Starting activity analysis cycle
[2026-04-06 13:33:28] DEBUG c.a.s.UserActivityMonitorService - Found 0 users with failures in last 5 minutes
[2026-04-06 13:33:58] DEBUG c.a.s.UserActivityMonitorService - Starting activity analysis cycle
[2026-04-06 13:33:58] DEBUG c.a.s.UserActivityMonitorService - Found 0 users with failures in last 5 minutes
[2026-04-06 13:34:28] DEBUG c.a.s.UserActivityMonitorService - Starting activity analysis cycle
[2026-04-06 13:34:28] DEBUG c.a.s.UserActivityMonitorService - Found 0 users with failures in last 5 minutes
[2026-04-06 13:34:58] DEBUG c.a.s.UserActivityMonitorService - Starting activity analysis cycle
[2026-04-06 13:34:58] DEBUG c.a.s.UserActivityMonitorService - Found 0 users with failures in last 5 minutes
[2026-04-06 13:35:28] DEBUG c.a.service.AlertManagementService - Found 0 alerts to recheck
[2026-04-06 13:35:28] DEBUG c.a.s.UserActivityMonitorService - Starting activity analysis cycle
[2026-04-06 13:35:28] DEBUG c.a.s.UserActivityMonitorService - Found 0 users with failures in last 5 minutes
[2026-04-06 13:35:58] DEBUG c.a.s.UserActivityMonitorService - Starting activity analysis cycle
[2026-04-06 13:35:58] DEBUG c.a.s.UserActivityMonitorService - Found 0 users with failures in last 5 minutes
[2026-04-06 13:36:28] DEBUG c.a.s.UserActivityMonitorService - Starting activity analysis cycle
[2026-04-06 13:36:28] DEBUG c.a.s.UserActivityMonitorService - Found 0 users with failures in last 5 minutes
[2026-04-06 13:36:58] DEBUG c.a.s.UserActivityMonitorService - Starting activity analysis cycle
[2026-04-06 13:36:58] DEBUG c.a.s.UserActivityMonitorService - Found 0 users with failures in last 5 minutes
[2026-04-06 13:37:28] DEBUG c.a.s.UserActivityMonitorService - Starting activity analysis cycle
[2026-04-06 13:37:28] DEBUG c.a.s.UserActivityMonitorService - Found 0 users with failures in last 5 minutes
[2026-04-06 13:37:58] DEBUG c.a.s.UserActivityMonitorService - Starting activity analysis cycle
[2026-04-06 13:37:58] DEBUG c.a.s.UserActivityMonitorService - Found 0 users with failures in last 5 minutes
[2026-04-06 13:38:28] DEBUG c.a.s.UserActivityMonitorService - Starting activity analysis cycle
[2026-04-06 13:38:28] DEBUG c.a.s.UserActivityMonitorService - Found 0 users with failures in last 5 minutes
[2026-04-06 13:38:58] DEBUG c.a.s.UserActivityMonitorService - Starting activity analysis cycle
[2026-04-06 13:38:58] DEBUG c.a.s.UserActivityMonitorService - Found 0 users with failures in last 5 minutes
[2026-04-06 13:38:59] INFO  o.s.o.j.LocalContainerEntityManagerFactoryBean - Closing JPA EntityManagerFactory for persistence unit 'default'
[2026-04-06 13:38:59] INFO  com.zaxxer.hikari.HikariDataSource - HikariPool-1 - Shutdown initiated...
[2026-04-06 13:38:59] INFO  com.zaxxer.hikari.HikariDataSource - HikariPool-1 - Shutdown completed.
[2026-04-06 13:45:35] INFO  c.a.AlertMonitoringSystemApplication - Starting AlertMonitoringSystemApplication using Java 21.0.9 with PID 130468 (C:\Users\susha\Desktop\customer-alerting-platform\target\classes started by susha in C:\Users\susha\Desktop\customer-alerting-platform)
[2026-04-06 13:45:35] DEBUG c.a.AlertMonitoringSystemApplication - Running with Spring Boot v3.2.4, Spring v6.1.5
[2026-04-06 13:45:35] INFO  c.a.AlertMonitoringSystemApplication - No active profile set, falling back to 1 default profile: "default"
[2026-04-06 13:45:36] INFO  o.s.d.r.c.RepositoryConfigurationDelegate - Bootstrapping Spring Data JPA repositories in DEFAULT mode.
[2026-04-06 13:45:36] INFO  o.s.d.r.c.RepositoryConfigurationDelegate - Finished Spring Data repository scanning in 96 ms. Found 6 JPA repository interfaces.
[2026-04-06 13:45:37] INFO  o.s.b.w.e.tomcat.TomcatWebServer - Tomcat initialized with port 8081 (http)
[2026-04-06 13:45:37] INFO  o.a.coyote.http11.Http11NioProtocol - Initializing ProtocolHandler ["http-nio-8081"]
[2026-04-06 13:45:37] INFO  o.a.catalina.core.StandardService - Starting service [Tomcat]
[2026-04-06 13:45:37] INFO  o.a.catalina.core.StandardEngine - Starting Servlet engine: [Apache Tomcat/10.1.19]
[2026-04-06 13:45:37] INFO  o.a.c.c.C.[.[localhost].[/api] - Initializing Spring embedded WebApplicationContext
[2026-04-06 13:45:37] INFO  o.s.b.w.s.c.ServletWebServerApplicationContext - Root WebApplicationContext: initialization completed in 1827 ms
[2026-04-06 13:45:37] INFO  o.h.jpa.internal.util.LogHelper - HHH000204: Processing PersistenceUnitInfo [name: default]
[2026-04-06 13:45:37] INFO  org.hibernate.Version - HHH000412: Hibernate ORM core version 6.4.4.Final
[2026-04-06 13:45:38] INFO  o.h.c.i.RegionFactoryInitiator - HHH000026: Second-level cache disabled
[2026-04-06 13:45:38] INFO  o.s.o.j.p.SpringPersistenceUnitInfo - No LoadTimeWeaver setup: ignoring JPA class transformer
[2026-04-06 13:45:38] INFO  com.zaxxer.hikari.HikariDataSource - HikariPool-1 - Starting...
[2026-04-06 13:45:38] INFO  com.zaxxer.hikari.pool.HikariPool - HikariPool-1 - Added connection org.postgresql.jdbc.PgConnection@322b09da
[2026-04-06 13:45:38] INFO  com.zaxxer.hikari.HikariDataSource - HikariPool-1 - Start completed.
[2026-04-06 13:45:38] WARN  org.hibernate.orm.deprecation - HHH90000025: PostgreSQLDialect does not need to be specified explicitly using 'hibernate.dialect' (remove the property setting and it will be selected by default)
[2026-04-06 13:45:39] INFO  o.h.e.t.j.p.i.JtaPlatformInitiator - HHH000489: No JTA platform available (set 'hibernate.transaction.jta.platform' to enable JTA platform integration)
[2026-04-06 13:45:39] WARN  o.h.t.s.i.ExceptionHandlerLoggedImpl - GenerationTarget encountered exception accepting command : Error executing DDL "
    create index idx_issue_id 
       on issue_history (issue_id)" via JDBC [ERROR: relation "idx_issue_id" already exists]
org.hibernate.tool.schema.spi.CommandAcceptanceException: Error executing DDL "
    create index idx_issue_id 
       on issue_history (issue_id)" via JDBC [ERROR: relation "idx_issue_id" already exists]
	at org.hibernate.tool.schema.internal.exec.GenerationTargetToDatabase.accept(GenerationTargetToDatabase.java:94)
	at org.hibernate.tool.schema.internal.AbstractSchemaMigrator.applySqlString(AbstractSchemaMigrator.java:574)
	at org.hibernate.tool.schema.internal.AbstractSchemaMigrator.applySqlStrings(AbstractSchemaMigrator.java:514)
	at org.hibernate.tool.schema.internal.AbstractSchemaMigrator.applyIndexes(AbstractSchemaMigrator.java:360)
	at org.hibernate.tool.schema.internal.GroupedSchemaMigratorImpl.performTablesMigration(GroupedSchemaMigratorImpl.java:96)
	at org.hibernate.tool.schema.internal.AbstractSchemaMigrator.performMigration(AbstractSchemaMigrator.java:232)
	at org.hibernate.tool.schema.internal.AbstractSchemaMigrator.doMigration(AbstractSchemaMigrator.java:117)
	at org.hibernate.tool.schema.spi.SchemaManagementToolCoordinator.performDatabaseAction(SchemaManagementToolCoordinator.java:286)
	at org.hibernate.tool.schema.spi.SchemaManagementToolCoordinator.lambda$process$5(SchemaManagementToolCoordinator.java:145)
	at java.base/java.util.HashMap.forEach(HashMap.java:1429)
	at org.hibernate.tool.schema.spi.SchemaManagementToolCoordinator.process(SchemaManagementToolCoordinator.java:142)
	at org.hibernate.boot.internal.SessionFactoryObserverForSchemaExport.sessionFactoryCreated(SessionFactoryObserverForSchemaExport.java:37)
	at org.hibernate.internal.SessionFactoryObserverChain.sessionFactoryCreated(SessionFactoryObserverChain.java:35)
	at org.hibernate.internal.SessionFactoryImpl.<init>(SessionFactoryImpl.java:315)
	at org.hibernate.boot.internal.SessionFactoryBuilderImpl.build(SessionFactoryBuilderImpl.java:450)
	at org.hibernate.jpa.boot.internal.EntityManagerFactoryBuilderImpl.build(EntityManagerFactoryBuilderImpl.java:1507)
	at org.springframework.orm.jpa.vendor.SpringHibernateJpaPersistenceProvider.createContainerEntityManagerFactory(SpringHibernateJpaPersistenceProvider.java:75)
	at org.springframework.orm.jpa.LocalContainerEntityManagerFactoryBean.createNativeEntityManagerFactory(LocalContainerEntityManagerFactoryBean.java:390)
	at org.springframework.orm.jpa.AbstractEntityManagerFactoryBean.buildNativeEntityManagerFactory(AbstractEntityManagerFactoryBean.java:409)
	at org.springframework.orm.jpa.AbstractEntityManagerFactoryBean.afterPropertiesSet(AbstractEntityManagerFactoryBean.java:396)
	at org.springframework.orm.jpa.LocalContainerEntityManagerFactoryBean.afterPropertiesSet(LocalContainerEntityManagerFactoryBean.java:366)
	at org.springframework.beans.factory.support.AbstractAutowireCapableBeanFactory.invokeInitMethods(AbstractAutowireCapableBeanFactory.java:1833)
	at org.springframework.beans.factory.support.AbstractAutowireCapableBeanFactory.initializeBean(AbstractAutowireCapableBeanFactory.java:1782)
	at org.springframework.beans.factory.support.AbstractAutowireCapableBeanFactory.doCreateBean(AbstractAutowireCapableBeanFactory.java:600)
	at org.springframework.beans.factory.support.AbstractAutowireCapableBeanFactory.createBean(AbstractAutowireCapableBeanFactory.java:522)
	at org.springframework.beans.factory.support.AbstractBeanFactory.lambda$doGetBean$0(AbstractBeanFactory.java:326)
	at org.springframework.beans.factory.support.DefaultSingletonBeanRegistry.getSingleton(DefaultSingletonBeanRegistry.java:234)
	at org.springframework.beans.factory.support.AbstractBeanFactory.doGetBean(AbstractBeanFactory.java:324)
	at org.springframework.beans.factory.support.AbstractBeanFactory.getBean(AbstractBeanFactory.java:200)
	at org.springframework.context.support.AbstractApplicationContext.getBean(AbstractApplicationContext.java:1234)
	at org.springframework.context.support.AbstractApplicationContext.finishBeanFactoryInitialization(AbstractApplicationContext.java:952)
	at org.springframework.context.support.AbstractApplicationContext.refresh(AbstractApplicationContext.java:624)
	at org.springframework.boot.web.servlet.context.ServletWebServerApplicationContext.refresh(ServletWebServerApplicationContext.java:146)
	at org.springframework.boot.SpringApplication.refresh(SpringApplication.java:754)
	at org.springframework.boot.SpringApplication.refreshContext(SpringApplication.java:456)
	at org.springframework.boot.SpringApplication.run(SpringApplication.java:334)
	at org.springframework.boot.SpringApplication.run(SpringApplication.java:1354)
	at org.springframework.boot.SpringApplication.run(SpringApplication.java:1343)
	at com.alertsystem.AlertMonitoringSystemApplication.main(AlertMonitoringSystemApplication.java:14)
Caused by: org.postgresql.util.PSQLException: ERROR: relation "idx_issue_id" already exists
	at org.postgresql.core.v3.QueryExecutorImpl.receiveErrorResponse(QueryExecutorImpl.java:2712)
	at org.postgresql.core.v3.QueryExecutorImpl.processResults(QueryExecutorImpl.java:2400)
	at org.postgresql.core.v3.QueryExecutorImpl.execute(QueryExecutorImpl.java:367)
	at org.postgresql.jdbc.PgStatement.executeInternal(PgStatement.java:498)
	at org.postgresql.jdbc.PgStatement.execute(PgStatement.java:415)
	at org.postgresql.jdbc.PgStatement.executeWithFlags(PgStatement.java:335)
	at org.postgresql.jdbc.PgStatement.executeCachedSql(PgStatement.java:321)
	at org.postgresql.jdbc.PgStatement.executeWithFlags(PgStatement.java:297)
	at org.postgresql.jdbc.PgStatement.execute(PgStatement.java:292)
	at com.zaxxer.hikari.pool.ProxyStatement.execute(ProxyStatement.java:94)
	at com.zaxxer.hikari.pool.HikariProxyStatement.execute(HikariProxyStatement.java)
	at org.hibernate.tool.schema.internal.exec.GenerationTargetToDatabase.accept(GenerationTargetToDatabase.java:80)
	... 38 common frames omitted
[2026-04-06 13:45:39] INFO  o.s.o.j.LocalContainerEntityManagerFactoryBean - Initialized JPA EntityManagerFactory for persistence unit 'default'
[2026-04-06 13:45:40] INFO  o.s.d.j.r.query.QueryEnhancerFactory - Hibernate is in classpath; If applicable, HQL parser will be used.
[2026-04-06 13:45:41] INFO  c.a.service.LogReaderService - LogReaderService initialized with log file: logs/app.log
[2026-04-06 13:45:41] WARN  o.s.b.a.o.j.JpaBaseConfiguration$JpaWebConfiguration - spring.jpa.open-in-view is enabled by default. Therefore, database queries may be performed during view rendering. Explicitly configure spring.jpa.open-in-view to disable this warning
[2026-04-06 13:45:42] INFO  o.a.coyote.http11.Http11NioProtocol - Starting ProtocolHandler ["http-nio-8081"]
[2026-04-06 13:45:42] INFO  o.s.b.w.e.tomcat.TomcatWebServer - Tomcat started on port 8081 (http) with context path '/api'
[2026-04-06 13:45:42] INFO  c.a.AlertMonitoringSystemApplication - Started AlertMonitoringSystemApplication in 7.091 seconds (process running for 7.521)
[2026-04-06 13:45:42] DEBUG c.a.service.AlertManagementService - Found 0 alerts to recheck
[2026-04-06 13:45:42] DEBUG c.a.s.UserActivityMonitorService - Starting activity analysis cycle
[2026-04-06 13:45:42] DEBUG c.a.s.UserActivityMonitorService - Found 0 users with failures in last 5 minutes
[2026-04-06 13:46:12] DEBUG c.a.s.UserActivityMonitorService - Starting activity analysis cycle
[2026-04-06 13:46:12] DEBUG c.a.s.UserActivityMonitorService - Found 0 users with failures in last 5 minutes
[2026-04-06 13:46:17] INFO  o.a.c.c.C.[.[localhost].[/api] - Initializing Spring DispatcherServlet 'dispatcherServlet'
[2026-04-06 13:46:17] INFO  o.s.web.servlet.DispatcherServlet - Initializing Servlet 'dispatcherServlet'
[2026-04-06 13:46:17] INFO  o.s.web.servlet.DispatcherServlet - Completed initialization in 2 ms
[2026-04-06 13:46:42] DEBUG c.a.s.UserActivityMonitorService - Starting activity analysis cycle
[2026-04-06 13:46:42] DEBUG c.a.s.UserActivityMonitorService - Found 0 users with failures in last 5 minutes
[2026-04-06 13:47:12] DEBUG c.a.s.UserActivityMonitorService - Starting activity analysis cycle
[2026-04-06 13:47:12] DEBUG c.a.s.UserActivityMonitorService - Found 0 users with failures in last 5 minutes
[2026-04-06 13:47:42] DEBUG c.a.s.UserActivityMonitorService - Starting activity analysis cycle
[2026-04-06 13:47:42] DEBUG c.a.s.UserActivityMonitorService - Found 0 users with failures in last 5 minutes
[2026-04-06 13:48:12] DEBUG c.a.s.UserActivityMonitorService - Starting activity analysis cycle
[2026-04-06 13:48:12] DEBUG c.a.s.UserActivityMonitorService - Found 0 users with failures in last 5 minutes
[2026-04-06 13:48:17] INFO  o.s.o.j.LocalContainerEntityManagerFactoryBean - Closing JPA EntityManagerFactory for persistence unit 'default'
[2026-04-06 13:48:17] INFO  com.zaxxer.hikari.HikariDataSource - HikariPool-1 - Shutdown initiated...
[2026-04-06 13:48:17] INFO  com.zaxxer.hikari.HikariDataSource - HikariPool-1 - Shutdown completed.
